#! /usr/bin/vvp
:ivl_version "12.0 (stable)";
:ivl_delay_selection "TYPICAL";
:vpi_time_precision - 12;
:vpi_module "/usr/lib/x86_64-linux-gnu/ivl/system.vpi";
:vpi_module "/usr/lib/x86_64-linux-gnu/ivl/vhdl_sys.vpi";
:vpi_module "/usr/lib/x86_64-linux-gnu/ivl/vhdl_textio.vpi";
:vpi_module "/usr/lib/x86_64-linux-gnu/ivl/v2005_math.vpi";
:vpi_module "/usr/lib/x86_64-linux-gnu/ivl/va_math.vpi";
S_0x6328916d20e0 .scope module, "tb_stack" "tb_stack" 2 2;
 .timescale -9 -12;
v0x6328917068b0_0 .var "clk", 0 0;
v0x632891706970_0 .var "din", 3 0;
v0x632891706a10_0 .net "dout", 3 0, v0x632891706180_0;  1 drivers
v0x632891706b10_0 .var "nrst", 0 0;
v0x632891706be0_0 .var "pop", 0 0;
v0x632891706c80_0 .var "push", 0 0;
v0x632891706d50 .array "push_values", 3 0, 3 0;
S_0x6328916a8490 .scope begin, "$ivl_for_loop0" "$ivl_for_loop0" 2 42, 2 42 0, S_0x6328916d20e0;
 .timescale -9 -12;
v0x6328916d52d0_0 .var/i "i", 31 0;
E_0x6328916e9420 .event negedge, v0x632891705fc0_0;
S_0x632891705b80 .scope begin, "$ivl_for_loop1" "$ivl_for_loop1" 2 56, 2 56 0, S_0x6328916d20e0;
 .timescale -9 -12;
v0x6328916d56f0_0 .var/i "i", 31 0;
S_0x632891705dc0 .scope module, "uut" "stack" 2 7, 3 1 0, S_0x6328916d20e0;
 .timescale -9 -12;
    .port_info 0 /INPUT 1 "clk";
    .port_info 1 /INPUT 1 "nrst";
    .port_info 2 /INPUT 1 "push";
    .port_info 3 /INPUT 1 "pop";
    .port_info 4 /INPUT 4 "din";
    .port_info 5 /OUTPUT 4 "dout";
v0x632891705fc0_0 .net "clk", 0 0, v0x6328917068b0_0;  1 drivers
v0x6328917060a0_0 .net "din", 3 0, v0x632891706970_0;  1 drivers
v0x632891706180_0 .var "dout", 3 0;
v0x632891706240_0 .var "empty", 0 0;
v0x632891706300_0 .var "full", 0 0;
v0x632891706410_0 .net "nrst", 0 0, v0x632891706b10_0;  1 drivers
v0x6328917064d0_0 .net "pop", 0 0, v0x632891706be0_0;  1 drivers
v0x632891706590_0 .net "push", 0 0, v0x632891706c80_0;  1 drivers
v0x632891706650_0 .var "sp", 2 0;
v0x632891706730 .array "stack_mem", 3 0, 3 0;
E_0x6328916ea440/0 .event negedge, v0x632891706410_0;
E_0x6328916ea440/1 .event posedge, v0x632891705fc0_0;
E_0x6328916ea440 .event/or E_0x6328916ea440/0, E_0x6328916ea440/1;
    .scope S_0x632891705dc0;
T_0 ;
    %pushi/vec4 0, 0, 3;
    %store/vec4 v0x632891706650_0, 0, 3;
    %pushi/vec4 0, 0, 1;
    %store/vec4 v0x632891706300_0, 0, 1;
    %pushi/vec4 1, 0, 1;
    %store/vec4 v0x632891706240_0, 0, 1;
    %pushi/vec4 0, 0, 4;
    %store/vec4 v0x632891706180_0, 0, 4;
    %end;
    .thread T_0;
    .scope S_0x632891705dc0;
T_1 ;
    %wait E_0x6328916ea440;
    %load/vec4 v0x632891706410_0;
    %nor/r;
    %flag_set/vec4 8;
    %jmp/0xz  T_1.0, 8;
    %pushi/vec4 0, 0, 3;
    %assign/vec4 v0x632891706650_0, 0;
    %pushi/vec4 0, 0, 1;
    %assign/vec4 v0x632891706300_0, 0;
    %pushi/vec4 1, 0, 1;
    %assign/vec4 v0x632891706240_0, 0;
    %pushi/vec4 0, 0, 4;
    %assign/vec4 v0x632891706180_0, 0;
    %jmp T_1.1;
T_1.0 ;
    %load/vec4 v0x632891706590_0;
    %flag_set/vec4 9;
    %flag_get/vec4 9;
    %jmp/0 T_1.4, 9;
    %load/vec4 v0x632891706300_0;
    %nor/r;
    %and;
T_1.4;
    %flag_set/vec4 8;
    %jmp/0xz  T_1.2, 8;
    %load/vec4 v0x6328917060a0_0;
    %load/vec4 v0x632891706650_0;
    %pad/u 4;
    %ix/vec4 3;
    %ix/load 4, 0, 0; Constant delay
    %assign/vec4/a/d v0x632891706730, 0, 4;
    %load/vec4 v0x632891706650_0;
    %addi 1, 0, 3;
    %assign/vec4 v0x632891706650_0, 0;
    %pushi/vec4 0, 0, 1;
    %assign/vec4 v0x632891706240_0, 0;
    %load/vec4 v0x632891706650_0;
    %cmpi/e 3, 0, 3;
    %jmp/0xz  T_1.5, 4;
    %pushi/vec4 1, 0, 1;
    %assign/vec4 v0x632891706300_0, 0;
T_1.5 ;
    %jmp T_1.3;
T_1.2 ;
    %load/vec4 v0x6328917064d0_0;
    %flag_set/vec4 9;
    %flag_get/vec4 9;
    %jmp/0 T_1.9, 9;
    %load/vec4 v0x632891706240_0;
    %nor/r;
    %and;
T_1.9;
    %flag_set/vec4 8;
    %jmp/0xz  T_1.7, 8;
    %load/vec4 v0x632891706650_0;
    %subi 1, 0, 3;
    %assign/vec4 v0x632891706650_0, 0;
    %load/vec4 v0x632891706650_0;
    %pad/u 32;
    %subi 1, 0, 32;
    %ix/vec4 4;
    %load/vec4a v0x632891706730, 4;
    %assign/vec4 v0x632891706180_0, 0;
    %pushi/vec4 0, 0, 1;
    %assign/vec4 v0x632891706300_0, 0;
    %load/vec4 v0x632891706650_0;
    %cmpi/e 1, 0, 3;
    %jmp/0xz  T_1.10, 4;
    %pushi/vec4 1, 0, 1;
    %assign/vec4 v0x632891706240_0, 0;
T_1.10 ;
T_1.7 ;
T_1.3 ;
T_1.1 ;
    %jmp T_1;
    .thread T_1;
    .scope S_0x6328916d20e0;
T_2 ;
    %pushi/vec4 0, 0, 1;
    %store/vec4 v0x6328917068b0_0, 0, 1;
    %end;
    .thread T_2;
    .scope S_0x6328916d20e0;
T_3 ;
    %delay 5000, 0;
    %load/vec4 v0x6328917068b0_0;
    %inv;
    %store/vec4 v0x6328917068b0_0, 0, 1;
    %jmp T_3;
    .thread T_3;
    .scope S_0x6328916d20e0;
T_4 ;
    %vpi_call 2 25 "$dumpfile", "tb_stack.vcd" {0 0 0};
    %vpi_call 2 26 "$dumpvars", 32'sb00000000000000000000000000000000, S_0x6328916d20e0 {0 0 0};
    %end;
    .thread T_4;
    .scope S_0x6328916d20e0;
T_5 ;
    %vpi_call 2 30 "$display", "Starting stack testbench..." {0 0 0};
    %pushi/vec4 0, 0, 1;
    %store/vec4 v0x632891706b10_0, 0, 1;
    %pushi/vec4 0, 0, 1;
    %store/vec4 v0x632891706c80_0, 0, 1;
    %pushi/vec4 0, 0, 1;
    %store/vec4 v0x632891706be0_0, 0, 1;
    %pushi/vec4 0, 0, 4;
    %store/vec4 v0x632891706970_0, 0, 4;
    %delay 12000, 0;
    %pushi/vec4 1, 0, 1;
    %store/vec4 v0x632891706b10_0, 0, 1;
    %delay 10000, 0;
    %pushi/vec4 3, 0, 4;
    %ix/load 4, 0, 0;
    %flag_set/imm 4, 0;
    %store/vec4a v0x632891706d50, 4, 0;
    %pushi/vec4 7, 0, 4;
    %ix/load 4, 1, 0;
    %flag_set/imm 4, 0;
    %store/vec4a v0x632891706d50, 4, 0;
    %pushi/vec4 12, 0, 4;
    %ix/load 4, 2, 0;
    %flag_set/imm 4, 0;
    %store/vec4a v0x632891706d50, 4, 0;
    %pushi/vec4 15, 0, 4;
    %ix/load 4, 3, 0;
    %flag_set/imm 4, 0;
    %store/vec4a v0x632891706d50, 4, 0;
    %fork t_1, S_0x6328916a8490;
    %jmp t_0;
    .scope S_0x6328916a8490;
t_1 ;
    %pushi/vec4 0, 0, 32;
    %store/vec4 v0x6328916d52d0_0, 0, 32;
T_5.0 ;
    %load/vec4 v0x6328916d52d0_0;
    %cmpi/s 4, 0, 32;
    %jmp/0xz T_5.1, 5;
    %wait E_0x6328916e9420;
    %pushi/vec4 1, 0, 1;
    %store/vec4 v0x632891706c80_0, 0, 1;
    %pushi/vec4 0, 0, 1;
    %store/vec4 v0x632891706be0_0, 0, 1;
    %ix/getv/s 4, v0x6328916d52d0_0;
    %load/vec4a v0x632891706d50, 4;
    %store/vec4 v0x632891706970_0, 0, 4;
    %vpi_call 2 47 "$display", "Pushing %d", v0x632891706970_0 {0 0 0};
    %wait E_0x6328916e9420;
    %pushi/vec4 0, 0, 1;
    %store/vec4 v0x632891706c80_0, 0, 1;
    %delay 2000, 0;
    %load/vec4 v0x6328916d52d0_0;
    %addi 1, 0, 32;
    %store/vec4 v0x6328916d52d0_0, 0, 32;
    %jmp T_5.0;
T_5.1 ;
    %end;
    .scope S_0x6328916d20e0;
t_0 %join;
    %delay 10000, 0;
    %fork t_3, S_0x632891705b80;
    %jmp t_2;
    .scope S_0x632891705b80;
t_3 ;
    %pushi/vec4 0, 0, 32;
    %store/vec4 v0x6328916d56f0_0, 0, 32;
T_5.2 ;
    %load/vec4 v0x6328916d56f0_0;
    %cmpi/s 4, 0, 32;
    %jmp/0xz T_5.3, 5;
    %wait E_0x6328916e9420;
    %pushi/vec4 0, 0, 1;
    %store/vec4 v0x632891706c80_0, 0, 1;
    %pushi/vec4 1, 0, 1;
    %store/vec4 v0x632891706be0_0, 0, 1;
    %wait E_0x6328916e9420;
    %pushi/vec4 0, 0, 1;
    %store/vec4 v0x632891706be0_0, 0, 1;
    %delay 2000, 0;
    %load/vec4 v0x632891706a10_0;
    %cmpi/ne 15, 15, 4;
    %jmp/0xz  T_5.4, 6;
    %load/vec4 v0x632891706a10_0;
    %pushi/vec4 3, 0, 32;
    %load/vec4 v0x6328916d56f0_0;
    %sub;
    %ix/vec4/s 4;
    %load/vec4a v0x632891706d50, 4;
    %cmp/e;
    %jmp/0xz  T_5.6, 4;
    %vpi_call 2 65 "$display", "Popped value: %d (correct)", v0x632891706a10_0 {0 0 0};
    %jmp T_5.7;
T_5.6 ;
    %pushi/vec4 3, 0, 32;
    %load/vec4 v0x6328916d56f0_0;
    %sub;
    %ix/vec4/s 4;
    %load/vec4a v0x632891706d50, 4;
    %vpi_call 2 67 "$display", "Popped value: %d (incorrect, expected %d)", v0x632891706a10_0, S<0,vec4,u4> {1 0 0};
T_5.7 ;
    %jmp T_5.5;
T_5.4 ;
    %vpi_call 2 69 "$display", "Popped value: Invalid (stack underflow)" {0 0 0};
T_5.5 ;
    %load/vec4 v0x6328916d56f0_0;
    %addi 1, 0, 32;
    %store/vec4 v0x6328916d56f0_0, 0, 32;
    %jmp T_5.2;
T_5.3 ;
    %end;
    .scope S_0x6328916d20e0;
t_2 %join;
    %delay 10000, 0;
    %vpi_call 2 73 "$finish" {0 0 0};
    %end;
    .thread T_5;
# The file index is used to find the file name in the following table.
:file_names 4;
    "N/A";
    "<interactive>";
    "tb_stack.v";
    "stack.v";
